[35m[Appium][39m Welcome to Appium v1.22.3
[35m[Appium][39m Non-default server args:
[35m[Appium][39m   port: 49573
[35m[Appium][39m   loglevel: info
[35m[Appium][39m   tmpDir: C:\Users\1327\AppData\Local\Temp\\Katalon\Appium\Temp1705980913314
[35m[Appium][39m Appium REST http interface listener started on 0.0.0.0:49573
[35m[HTTP][39m [37m-->[39m [37mGET[39m [37m/wd/hub/status[39m
[35m[HTTP][39m [90m{}[39m
[35m[HTTP][39m [37m<-- GET /wd/hub/status [39m[32m200[39m [90m8 ms - 68[39m
[35m[HTTP][39m [90m[39m
[35m[HTTP][39m [37m-->[39m [37mGET[39m [37m/wd/hub/status[39m
[35m[HTTP][39m [90m{}[39m
[35m[HTTP][39m [37m<-- GET /wd/hub/status [39m[32m200[39m [90m2 ms - 68[39m
[35m[HTTP][39m [90m[39m
[35m[HTTP][39m [37m-->[39m [37mPOST[39m [37m/wd/hub/session[39m
[35m[HTTP][39m [90m{"desiredCapabilities":{"appActivity":".Settings","appPackage":"com.android.settings","newCommandTimeout":1800,"platformVersion":"12","automationName":"uiautomator2","autoGrantPermissions":true,"platformName":"Android","udid":"192.168.77.102:5555","deviceName":"Genymobile Galaxy S10 (Android 12)","systemPort":8244},"capabilities":{"firstMatch":[{"appium:appActivity":".Settings","appium:appPackage":"com.android.settings","appium:autoGrantPermissions":true,"appium:automationName":"uiautomator2","appium:deviceName":"Genymobile Galaxy S10 (Android 12)","appium:newCommandTimeout":1800,"platformName":"android","appium:platformVersion":"12","appium:systemPort":8244,"appium:udid":"192.168.77.102:5555"}]}}[39m
[35m[Appium][39m Appium v1.22.3 creating new AndroidUiautomator2Driver (v1.70.1) session
[35m[BaseDriver][39m Session created with session id: 8d0f833c-1116-493c-ace7-bd08aaaed3ea
[35m[UiAutomator2][39m Starting 'com.android.settings' directly on the device
[35m[ADB][39m Found 1 'build-tools' folders under 'C:\Users\1327\.katalon\tools\android_sdk' (newest first):
[35m[ADB][39m     C:/Users/1327/.katalon/tools/android_sdk/build-tools/29.0.3
[35m[ADB][39m Using 'adb.exe' from 'C:\Users\1327\.katalon\tools\android_sdk\platform-tools\adb.exe'
[35m[AndroidDriver][39m Retrieving device list
[35m[AndroidDriver][39m Using device: 192.168.77.102:5555
[35m[ADB][39m Using 'adb.exe' from 'C:\Users\1327\.katalon\tools\android_sdk\platform-tools\adb.exe'
[35m[ADB][39m Getting device platform version
[35m[UiAutomator2][39m Relaxing hidden api policy
[35m[AndroidDriver][39m No app sent in, not parsing package/activity
[35m[ADB][39m Using 'apksigner.jar' from 'C:\Users\1327\.katalon\tools\android_sdk\build-tools\29.0.3\lib\apksigner.jar'
[35m[ADB][39m 'C:\Users\1327\AppData\Roaming\npm\node_modules\appium\node_modules\appium-uiautomator2-server\apks\appium-uiautomator2-server-v4.27.0.apk' is signed with the default certificate
[35m[ADB][39m 'C:\Users\1327\AppData\Roaming\npm\node_modules\appium\node_modules\appium-uiautomator2-server\apks\appium-uiautomator2-server-debug-androidTest.apk' is signed with the default certificate
[35m[UiAutomator2][39m Server packages are not going to be (re)installed
[35m[ADB][39m Adding packages ["io.appium.settings","io.appium.uiautomator2.server","io.appium.uiautomator2.server.test"] to Doze whitelist
[35m[UiAutomator2][39m Starting UIAutomator2 server 4.27.0
[35m[UiAutomator2][39m Using UIAutomator2 server from 'C:\Users\1327\AppData\Roaming\npm\node_modules\appium\node_modules\appium-uiautomator2-server\apks\appium-uiautomator2-server-v4.27.0.apk' and test from 'C:\Users\1327\AppData\Roaming\npm\node_modules\appium\node_modules\appium-uiautomator2-server\apks\appium-uiautomator2-server-debug-androidTest.apk'
[35m[UiAutomator2][39m Waiting up to 30000ms for UiAutomator2 to be online...
[35m[WD Proxy][39m socket hang up
[35m[WD Proxy][39m socket hang up
[35m[WD Proxy][39m Determined the downstream protocol as 'W3C'
[35m[AndroidDriver][39m Screen already unlocked, doing nothing
[35m[UiAutomator2][39m Starting 'com.android.settings/.Settings and waiting for 'com.android.settings/.Settings'
[35m[Appium][39m New AndroidUiautomator2Driver session created successfully, session 8d0f833c-1116-493c-ace7-bd08aaaed3ea added to master session list
[35m[HTTP][39m [37m<-- POST /wd/hub/session [39m[32m200[39m [90m8986 ms - 1127[39m
[35m[HTTP][39m [90m[39m
[35m[HTTP][39m [37m-->[39m [37mGET[39m [37m/wd/hub/session/8d0f833c-1116-493c-ace7-bd08aaaed3ea[39m
[35m[HTTP][39m [90m{}[39m
[35m[HTTP][39m [37m<-- GET /wd/hub/session/8d0f833c-1116-493c-ace7-bd08aaaed3ea [39m[32m200[39m [90m28 ms - 1081[39m
[35m[HTTP][39m [90m[39m
[35m[HTTP][39m [37m-->[39m [37mGET[39m [37m/wd/hub/session/8d0f833c-1116-493c-ace7-bd08aaaed3ea[39m
[35m[HTTP][39m [90m{}[39m
[35m[HTTP][39m [37m<-- GET /wd/hub/session/8d0f833c-1116-493c-ace7-bd08aaaed3ea [39m[32m200[39m [90m58 ms - 1081[39m
[35m[HTTP][39m [90m[39m
[35m[HTTP][39m [37m-->[39m [37mGET[39m [37m/wd/hub/status[39m
[35m[HTTP][39m [90m{}[39m
[35m[HTTP][39m [37m<-- GET /wd/hub/status [39m[32m200[39m [90m1 ms - 68[39m
[35m[HTTP][39m [90m[39m
[35m[HTTP][39m [37m-->[39m [37mPOST[39m [37m/wd/hub/session/8d0f833c-1116-493c-ace7-bd08aaaed3ea/timeouts[39m
[35m[HTTP][39m [90m{"implicit":60000}[39m
[35m[HTTP][39m [37m<-- POST /wd/hub/session/8d0f833c-1116-493c-ace7-bd08aaaed3ea/timeouts [39m[32m200[39m [90m5 ms - 14[39m
[35m[HTTP][39m [90m[39m
[35m[HTTP][39m [37m-->[39m [37mGET[39m [37m/wd/hub/session/8d0f833c-1116-493c-ace7-bd08aaaed3ea/appium/device/system_bars[39m
[35m[HTTP][39m [90m{}[39m
[35m[HTTP][39m [37m<-- GET /wd/hub/session/8d0f833c-1116-493c-ace7-bd08aaaed3ea/appium/device/system_bars [39m[32m200[39m [90m99 ms - 145[39m
[35m[HTTP][39m [90m[39m
[35m[HTTP][39m [37m-->[39m [37mPOST[39m [37m/wd/hub/session/8d0f833c-1116-493c-ace7-bd08aaaed3ea/execute/sync[39m
[35m[HTTP][39m [90m{"script":"mobile:viewportRect","args":[]}[39m
[35m[AndroidDriver][39m Executing native command 'mobile:viewportRect'
[35m[HTTP][39m [37m<-- POST /wd/hub/session/8d0f833c-1116-493c-ace7-bd08aaaed3ea/execute/sync [39m[32m200[39m [90m23 ms - 56[39m
[35m[HTTP][39m [90m[39m
[35m[HTTP][39m [37m-->[39m [37mPOST[39m [37m/wd/hub/session/8d0f833c-1116-493c-ace7-bd08aaaed3ea/appium/device/activate_app[39m
[35m[HTTP][39m [90m{"bundleId":"id.indocyber.kaf.mma"}[39m
[35m[HTTP][39m [37m<-- POST /wd/hub/session/8d0f833c-1116-493c-ace7-bd08aaaed3ea/appium/device/activate_app [39m[32m200[39m [90m507 ms - 14[39m
[35m[HTTP][39m [90m[39m
[35m[HTTP][39m [37m-->[39m [37mGET[39m [37m/wd/hub/session/8d0f833c-1116-493c-ace7-bd08aaaed3ea/source[39m
[35m[HTTP][39m [90m{}[39m
[35m[W3C (8d0f833c)][39m Driver proxy active, passing request on via HTTP proxy
[35m[WD Proxy][39m Replacing sessionId f342900b-6100-41e3-aaa5-aaff24aab5cb with 8d0f833c-1116-493c-ace7-bd08aaaed3ea
[35m[HTTP][39m [37m<-- GET /wd/hub/session/8d0f833c-1116-493c-ace7-bd08aaaed3ea/source [39m[32m200[39m [90m651 ms - 18015[39m
[35m[HTTP][39m [90m[39m
[35m[HTTP][39m [37m-->[39m [37mGET[39m [37m/wd/hub/session/8d0f833c-1116-493c-ace7-bd08aaaed3ea/screenshot[39m
[35m[HTTP][39m [90m{}[39m
[35m[HTTP][39m [37m<-- GET /wd/hub/session/8d0f833c-1116-493c-ace7-bd08aaaed3ea/screenshot [39m[32m200[39m [90m665 ms - 227608[39m
[35m[HTTP][39m [90m[39m
[35m[HTTP][39m [37m-->[39m [37mPOST[39m [37m/wd/hub/session/8d0f833c-1116-493c-ace7-bd08aaaed3ea/elements[39m
[35m[HTTP][39m [90m{"using":"xpath","value":"//*[@class = 'android.widget.ImageView' and @resource-id = '' and (@text = '' or . = '')]"}[39m
[35m[HTTP][39m [37m<-- POST /wd/hub/session/8d0f833c-1116-493c-ace7-bd08aaaed3ea/elements [39m[32m200[39m [90m372 ms - 1803[39m
[35m[HTTP][39m [90m[39m
[35m[HTTP][39m [37m-->[39m [37mPOST[39m [37m/wd/hub/session/8d0f833c-1116-493c-ace7-bd08aaaed3ea/elements[39m
[35m[HTTP][39m [90m{"using":"accessibility id","value":"Customer\n Update"}[39m
[35m[HTTP][39m [37m<-- POST /wd/hub/session/8d0f833c-1116-493c-ace7-bd08aaaed3ea/elements [39m[32m200[39m [90m911 ms - 139[39m
[35m[HTTP][39m [90m[39m
[35m[HTTP][39m [37m-->[39m [37mGET[39m [37m/wd/hub/session/8d0f833c-1116-493c-ace7-bd08aaaed3ea/window/rect[39m
[35m[HTTP][39m [90m{}[39m
[35m[HTTP][39m [37m<-- GET /wd/hub/session/8d0f833c-1116-493c-ace7-bd08aaaed3ea/window/rect [39m[32m200[39m [90m22 ms - 50[39m
[35m[HTTP][39m [90m[39m
[35m[HTTP][39m [37m-->[39m [37mPOST[39m [37m/wd/hub/session/8d0f833c-1116-493c-ace7-bd08aaaed3ea/elements[39m
[35m[HTTP][39m [90m{"using":"accessibility id","value":"Customer\n Update"}[39m
[35m[HTTP][39m [37m<-- POST /wd/hub/session/8d0f833c-1116-493c-ace7-bd08aaaed3ea/elements [39m[32m200[39m [90m23 ms - 139[39m
[35m[HTTP][39m [90m[39m
[35m[HTTP][39m [37m-->[39m [37mGET[39m [37m/wd/hub/session/8d0f833c-1116-493c-ace7-bd08aaaed3ea/element/00000000-0000-002c-0000-00ba00000003/location[39m
[35m[HTTP][39m [90m{}[39m
[35m[W3C (8d0f833c)][39m Driver proxy active, passing request on via HTTP proxy
[35m[WD Proxy][39m Replacing sessionId f342900b-6100-41e3-aaa5-aaff24aab5cb with 8d0f833c-1116-493c-ace7-bd08aaaed3ea
[35m[HTTP][39m [37m<-- GET /wd/hub/session/8d0f833c-1116-493c-ace7-bd08aaaed3ea/element/00000000-0000-002c-0000-00ba00000003/location [39m[32m200[39m [90m18 ms - 78[39m
[35m[HTTP][39m [90m[39m
[35m[HTTP][39m [37m-->[39m [37mPOST[39m [37m/wd/hub/session/8d0f833c-1116-493c-ace7-bd08aaaed3ea/element/00000000-0000-002c-0000-00ba00000003/click[39m
[35m[HTTP][39m [90m{"id":"00000000-0000-002c-0000-00ba00000003"}[39m
[35m[HTTP][39m [37m<-- POST /wd/hub/session/8d0f833c-1116-493c-ace7-bd08aaaed3ea/element/00000000-0000-002c-0000-00ba00000003/click [39m[32m200[39m [90m49 ms - 14[39m
[35m[HTTP][39m [90m[39m
[35m[HTTP][39m [37m-->[39m [37mGET[39m [37m/wd/hub/session/8d0f833c-1116-493c-ace7-bd08aaaed3ea/source[39m
[35m[HTTP][39m [90m{}[39m
[35m[W3C (8d0f833c)][39m Driver proxy active, passing request on via HTTP proxy
[35m[WD Proxy][39m Replacing sessionId f342900b-6100-41e3-aaa5-aaff24aab5cb with 8d0f833c-1116-493c-ace7-bd08aaaed3ea
[35m[HTTP][39m [37m<-- GET /wd/hub/session/8d0f833c-1116-493c-ace7-bd08aaaed3ea/source [39m[32m200[39m [90m181 ms - 9075[39m
[35m[HTTP][39m [90m[39m
[35m[HTTP][39m [37m-->[39m [37mGET[39m [37m/wd/hub/session/8d0f833c-1116-493c-ace7-bd08aaaed3ea/screenshot[39m
[35m[HTTP][39m [90m{}[39m
[35m[HTTP][39m [37m<-- GET /wd/hub/session/8d0f833c-1116-493c-ace7-bd08aaaed3ea/screenshot [39m[32m200[39m [90m414 ms - 250632[39m
[35m[HTTP][39m [90m[39m
[35m[HTTP][39m [37m-->[39m [37mPOST[39m [37m/wd/hub/session/8d0f833c-1116-493c-ace7-bd08aaaed3ea/elements[39m
[35m[HTTP][39m [90m{"using":"xpath","value":"//*[@class = 'android.widget.ImageView' and @resource-id = '' and (@text = '' or . = '')]"}[39m
[35m[HTTP][39m [37m<-- POST /wd/hub/session/8d0f833c-1116-493c-ace7-bd08aaaed3ea/elements [39m[32m200[39m [90m72 ms - 779[39m
[35m[HTTP][39m [90m[39m
[35m[HTTP][39m [37m-->[39m [37mPOST[39m [37m/wd/hub/session/8d0f833c-1116-493c-ace7-bd08aaaed3ea/elements[39m
[35m[HTTP][39m [90m{"using":"-android uiautomator","value":"new UiSelector().className(\"android.widget.ImageView\").resourceId(\"\")"}[39m
[35m[HTTP][39m [37m<-- POST /wd/hub/session/8d0f833c-1116-493c-ace7-bd08aaaed3ea/elements [39m[32m200[39m [90m68 ms - 779[39m
[35m[HTTP][39m [90m[39m
[35m[HTTP][39m [37m-->[39m [37mGET[39m [37m/wd/hub/session/8d0f833c-1116-493c-ace7-bd08aaaed3ea/window/rect[39m
[35m[HTTP][39m [90m{}[39m
[35m[HTTP][39m [37m<-- GET /wd/hub/session/8d0f833c-1116-493c-ace7-bd08aaaed3ea/window/rect [39m[32m200[39m [90m20 ms - 50[39m
[35m[HTTP][39m [90m[39m
[35m[HTTP][39m [37m-->[39m [37mPOST[39m [37m/wd/hub/session/8d0f833c-1116-493c-ace7-bd08aaaed3ea/elements[39m
[35m[HTTP][39m [90m{"using":"xpath","value":"//hierarchy/android.widget.FrameLayout[1]/android.widget.LinearLayout[1]/android.widget.FrameLayout[1]/android.widget.FrameLayout[1]/android.view.View[1]/android.view.View[1]/android.view.View[1]/android.view.View[1]/android.view.View[2]/android.view.View[1]/android.view.View[1]/android.widget.ImageView[1]"}[39m
[35m[HTTP][39m [37m<-- POST /wd/hub/session/8d0f833c-1116-493c-ace7-bd08aaaed3ea/elements [39m[32m200[39m [90m93 ms - 139[39m
[35m[HTTP][39m [90m[39m
[35m[HTTP][39m [37m-->[39m [37mGET[39m [37m/wd/hub/session/8d0f833c-1116-493c-ace7-bd08aaaed3ea/element/00000000-0000-002c-0000-00e600000003/location[39m
[35m[HTTP][39m [90m{}[39m
[35m[W3C (8d0f833c)][39m Driver proxy active, passing request on via HTTP proxy
[35m[WD Proxy][39m Replacing sessionId f342900b-6100-41e3-aaa5-aaff24aab5cb with 8d0f833c-1116-493c-ace7-bd08aaaed3ea
[35m[HTTP][39m [37m<-- GET /wd/hub/session/8d0f833c-1116-493c-ace7-bd08aaaed3ea/element/00000000-0000-002c-0000-00e600000003/location [39m[32m200[39m [90m20 ms - 79[39m
[35m[HTTP][39m [90m[39m
[35m[HTTP][39m [37m-->[39m [37mPOST[39m [37m/wd/hub/session/8d0f833c-1116-493c-ace7-bd08aaaed3ea/element/00000000-0000-002c-0000-00e600000003/click[39m
[35m[HTTP][39m [90m{"id":"00000000-0000-002c-0000-00e600000003"}[39m
[35m[HTTP][39m [37m<-- POST /wd/hub/session/8d0f833c-1116-493c-ace7-bd08aaaed3ea/element/00000000-0000-002c-0000-00e600000003/click [39m[32m200[39m [90m823 ms - 14[39m
[35m[HTTP][39m [90m[39m
[35m[HTTP][39m [37m-->[39m [37mGET[39m [37m/wd/hub/session/8d0f833c-1116-493c-ace7-bd08aaaed3ea/source[39m
[35m[HTTP][39m [90m{}[39m
[35m[W3C (8d0f833c)][39m Driver proxy active, passing request on via HTTP proxy
[35m[WD Proxy][39m Replacing sessionId f342900b-6100-41e3-aaa5-aaff24aab5cb with 8d0f833c-1116-493c-ace7-bd08aaaed3ea
[35m[HTTP][39m [37m<-- GET /wd/hub/session/8d0f833c-1116-493c-ace7-bd08aaaed3ea/source [39m[32m200[39m [90m33 ms - 5250[39m
[35m[HTTP][39m [90m[39m
[35m[HTTP][39m [37m-->[39m [37mGET[39m [37m/wd/hub/session/8d0f833c-1116-493c-ace7-bd08aaaed3ea/screenshot[39m
[35m[HTTP][39m [90m{}[39m
[35m[HTTP][39m [37m<-- GET /wd/hub/session/8d0f833c-1116-493c-ace7-bd08aaaed3ea/screenshot [39m[32m200[39m [90m386 ms - 182484[39m
[35m[HTTP][39m [90m[39m
[35m[HTTP][39m [37m-->[39m [37mPOST[39m [37m/wd/hub/session/8d0f833c-1116-493c-ace7-bd08aaaed3ea/elements[39m
[35m[HTTP][39m [90m{"using":"xpath","value":"//*[@class = 'android.view.View' and @resource-id = '' and (@text = '' or . = '')]"}[39m
[35m[HTTP][39m [37m<-- POST /wd/hub/session/8d0f833c-1116-493c-ace7-bd08aaaed3ea/elements [39m[32m200[39m [90m71 ms - 1035[39m
[35m[HTTP][39m [90m[39m
[35m[HTTP][39m [37m-->[39m [37mPOST[39m [37m/wd/hub/session/8d0f833c-1116-493c-ace7-bd08aaaed3ea/elements[39m
[35m[HTTP][39m [90m{"using":"accessibility id","value":"Prospect Customer"}[39m
[35m[HTTP][39m [37m<-- POST /wd/hub/session/8d0f833c-1116-493c-ace7-bd08aaaed3ea/elements [39m[32m200[39m [90m38 ms - 139[39m
[35m[HTTP][39m [90m[39m
[35m[HTTP][39m [37m-->[39m [37mGET[39m [37m/wd/hub/session/8d0f833c-1116-493c-ace7-bd08aaaed3ea/window/rect[39m
[35m[HTTP][39m [90m{}[39m
[35m[HTTP][39m [37m<-- GET /wd/hub/session/8d0f833c-1116-493c-ace7-bd08aaaed3ea/window/rect [39m[32m200[39m [90m20 ms - 50[39m
[35m[HTTP][39m [90m[39m
[35m[HTTP][39m [37m-->[39m [37mPOST[39m [37m/wd/hub/session/8d0f833c-1116-493c-ace7-bd08aaaed3ea/elements[39m
[35m[HTTP][39m [90m{"using":"accessibility id","value":"Prospect Customer"}[39m
[35m[HTTP][39m [37m<-- POST /wd/hub/session/8d0f833c-1116-493c-ace7-bd08aaaed3ea/elements [39m[32m200[39m [90m32 ms - 139[39m
[35m[HTTP][39m [90m[39m
[35m[HTTP][39m [37m-->[39m [37mGET[39m [37m/wd/hub/session/8d0f833c-1116-493c-ace7-bd08aaaed3ea/element/00000000-0000-002c-0000-00fb00000003/location[39m
[35m[HTTP][39m [90m{}[39m
[35m[W3C (8d0f833c)][39m Driver proxy active, passing request on via HTTP proxy
[35m[WD Proxy][39m Replacing sessionId f342900b-6100-41e3-aaa5-aaff24aab5cb with 8d0f833c-1116-493c-ace7-bd08aaaed3ea
[35m[HTTP][39m [37m<-- GET /wd/hub/session/8d0f833c-1116-493c-ace7-bd08aaaed3ea/element/00000000-0000-002c-0000-00fb00000003/location [39m[32m200[39m [90m34 ms - 78[39m
[35m[HTTP][39m [90m[39m
[35m[HTTP][39m [37m-->[39m [37mPOST[39m [37m/wd/hub/session/8d0f833c-1116-493c-ace7-bd08aaaed3ea/element/00000000-0000-002c-0000-00fb00000003/click[39m
[35m[HTTP][39m [90m{"id":"00000000-0000-002c-0000-00fb00000003"}[39m
[35m[HTTP][39m [37m<-- POST /wd/hub/session/8d0f833c-1116-493c-ace7-bd08aaaed3ea/element/00000000-0000-002c-0000-00fb00000003/click [39m[32m200[39m [90m64 ms - 14[39m
[35m[HTTP][39m [90m[39m
[35m[HTTP][39m [37m-->[39m [37mGET[39m [37m/wd/hub/session/8d0f833c-1116-493c-ace7-bd08aaaed3ea/source[39m
[35m[HTTP][39m [90m{}[39m
[35m[W3C (8d0f833c)][39m Driver proxy active, passing request on via HTTP proxy
[35m[WD Proxy][39m Replacing sessionId f342900b-6100-41e3-aaa5-aaff24aab5cb with 8d0f833c-1116-493c-ace7-bd08aaaed3ea
[35m[HTTP][39m [37m<-- GET /wd/hub/session/8d0f833c-1116-493c-ace7-bd08aaaed3ea/source [39m[32m200[39m [90m56 ms - 5769[39m
[35m[HTTP][39m [90m[39m
[35m[HTTP][39m [37m-->[39m [37mGET[39m [37m/wd/hub/session/8d0f833c-1116-493c-ace7-bd08aaaed3ea/screenshot[39m
[35m[HTTP][39m [90m{}[39m
[35m[HTTP][39m [37m<-- GET /wd/hub/session/8d0f833c-1116-493c-ace7-bd08aaaed3ea/screenshot [39m[32m200[39m [90m440 ms - 214714[39m
[35m[HTTP][39m [90m[39m
[35m[HTTP][39m [37m-->[39m [37mPOST[39m [37m/wd/hub/session/8d0f833c-1116-493c-ace7-bd08aaaed3ea/elements[39m
[35m[HTTP][39m [90m{"using":"xpath","value":"//*[@class = 'android.widget.EditText' and @resource-id = '' and (@text = '' or . = '')]"}[39m
[35m[HTTP][39m [37m<-- POST /wd/hub/session/8d0f833c-1116-493c-ace7-bd08aaaed3ea/elements [39m[32m200[39m [90m66 ms - 267[39m
[35m[HTTP][39m [90m[39m
[35m[HTTP][39m [37m-->[39m [37mPOST[39m [37m/wd/hub/session/8d0f833c-1116-493c-ace7-bd08aaaed3ea/elements[39m
[35m[HTTP][39m [90m{"using":"-android uiautomator","value":"new UiSelector().className(\"android.widget.EditText\").resourceId(\"\")"}[39m
[35m[HTTP][39m [37m<-- POST /wd/hub/session/8d0f833c-1116-493c-ace7-bd08aaaed3ea/elements [39m[32m200[39m [90m32 ms - 267[39m
[35m[HTTP][39m [90m[39m
[35m[HTTP][39m [37m-->[39m [37mGET[39m [37m/wd/hub/session/8d0f833c-1116-493c-ace7-bd08aaaed3ea/window/rect[39m
[35m[HTTP][39m [90m{}[39m
[35m[HTTP][39m [37m<-- GET /wd/hub/session/8d0f833c-1116-493c-ace7-bd08aaaed3ea/window/rect [39m[32m200[39m [90m10 ms - 50[39m
[35m[HTTP][39m [90m[39m
[35m[HTTP][39m [37m-->[39m [37mPOST[39m [37m/wd/hub/session/8d0f833c-1116-493c-ace7-bd08aaaed3ea/elements[39m
[35m[HTTP][39m [90m{"using":"xpath","value":"//hierarchy/android.widget.FrameLayout[1]/android.widget.LinearLayout[1]/android.widget.FrameLayout[1]/android.widget.FrameLayout[1]/android.view.View[1]/android.view.View[1]/android.view.View[1]/android.view.View[1]/android.view.View[1]/android.widget.EditText[1]"}[39m
[35m[HTTP][39m [37m<-- POST /wd/hub/session/8d0f833c-1116-493c-ace7-bd08aaaed3ea/elements [39m[32m200[39m [90m54 ms - 139[39m
[35m[HTTP][39m [90m[39m
[35m[HTTP][39m [37m-->[39m [37mGET[39m [37m/wd/hub/session/8d0f833c-1116-493c-ace7-bd08aaaed3ea/element/00000000-0000-002c-0000-00ff00000003/location[39m
[35m[HTTP][39m [90m{}[39m
[35m[W3C (8d0f833c)][39m Driver proxy active, passing request on via HTTP proxy
[35m[WD Proxy][39m Replacing sessionId f342900b-6100-41e3-aaa5-aaff24aab5cb with 8d0f833c-1116-493c-ace7-bd08aaaed3ea
[35m[HTTP][39m [37m<-- GET /wd/hub/session/8d0f833c-1116-493c-ace7-bd08aaaed3ea/element/00000000-0000-002c-0000-00ff00000003/location [39m[32m200[39m [90m18 ms - 78[39m
[35m[HTTP][39m [90m[39m
[35m[HTTP][39m [37m-->[39m [37mPOST[39m [37m/wd/hub/session/8d0f833c-1116-493c-ace7-bd08aaaed3ea/element/00000000-0000-002c-0000-00ff00000003/click[39m
[35m[HTTP][39m [90m{"id":"00000000-0000-002c-0000-00ff00000003"}[39m
[35m[HTTP][39m [37m<-- POST /wd/hub/session/8d0f833c-1116-493c-ace7-bd08aaaed3ea/element/00000000-0000-002c-0000-00ff00000003/click [39m[32m200[39m [90m42 ms - 14[39m
[35m[HTTP][39m [90m[39m
[35m[HTTP][39m [37m-->[39m [37mGET[39m [37m/wd/hub/session/8d0f833c-1116-493c-ace7-bd08aaaed3ea/source[39m
[35m[HTTP][39m [90m{}[39m
[35m[W3C (8d0f833c)][39m Driver proxy active, passing request on via HTTP proxy
[35m[WD Proxy][39m Replacing sessionId f342900b-6100-41e3-aaa5-aaff24aab5cb with 8d0f833c-1116-493c-ace7-bd08aaaed3ea
[35m[HTTP][39m [37m<-- GET /wd/hub/session/8d0f833c-1116-493c-ace7-bd08aaaed3ea/source [39m[32m200[39m [90m858 ms - 5355[39m
[35m[HTTP][39m [90m[39m
[35m[HTTP][39m [37m-->[39m [37mGET[39m [37m/wd/hub/session/8d0f833c-1116-493c-ace7-bd08aaaed3ea/screenshot[39m
[35m[HTTP][39m [90m{}[39m
[35m[HTTP][39m [37m<-- GET /wd/hub/session/8d0f833c-1116-493c-ace7-bd08aaaed3ea/screenshot [39m[32m200[39m [90m343 ms - 222280[39m
[35m[HTTP][39m [90m[39m
[35m[HTTP][39m [37m-->[39m [37mGET[39m [37m/wd/hub/session/8d0f833c-1116-493c-ace7-bd08aaaed3ea/window/rect[39m
[35m[HTTP][39m [90m{}[39m
[35m[HTTP][39m [37m<-- GET /wd/hub/session/8d0f833c-1116-493c-ace7-bd08aaaed3ea/window/rect [39m[32m200[39m [90m14 ms - 50[39m
[35m[HTTP][39m [90m[39m
[35m[HTTP][39m [37m-->[39m [37mPOST[39m [37m/wd/hub/session/8d0f833c-1116-493c-ace7-bd08aaaed3ea/elements[39m
[35m[HTTP][39m [90m{"using":"xpath","value":"//hierarchy/android.widget.FrameLayout[1]/android.widget.LinearLayout[1]/android.widget.FrameLayout[1]/android.widget.FrameLayout[1]/android.view.View[1]/android.view.View[1]/android.view.View[1]/android.view.View[1]/android.view.View[1]/android.widget.EditText[1]"}[39m
[35m[HTTP][39m [37m<-- POST /wd/hub/session/8d0f833c-1116-493c-ace7-bd08aaaed3ea/elements [39m[32m200[39m [90m56 ms - 139[39m
[35m[HTTP][39m [90m[39m
[35m[HTTP][39m [37m-->[39m [37mGET[39m [37m/wd/hub/session/8d0f833c-1116-493c-ace7-bd08aaaed3ea/element/00000000-0000-002c-0000-00ff00000003/location[39m
[35m[HTTP][39m [90m{}[39m
[35m[W3C (8d0f833c)][39m Driver proxy active, passing request on via HTTP proxy
[35m[WD Proxy][39m Replacing sessionId f342900b-6100-41e3-aaa5-aaff24aab5cb with 8d0f833c-1116-493c-ace7-bd08aaaed3ea
[35m[HTTP][39m [37m<-- GET /wd/hub/session/8d0f833c-1116-493c-ace7-bd08aaaed3ea/element/00000000-0000-002c-0000-00ff00000003/location [39m[32m200[39m [90m18 ms - 78[39m
[35m[HTTP][39m [90m[39m
[35m[HTTP][39m [37m-->[39m [37mPOST[39m [37m/wd/hub/session/8d0f833c-1116-493c-ace7-bd08aaaed3ea/element/00000000-0000-002c-0000-00ff00000003/clear[39m
[35m[HTTP][39m [90m{"id":"00000000-0000-002c-0000-00ff00000003"}[39m
[35m[HTTP][39m [37m<-- POST /wd/hub/session/8d0f833c-1116-493c-ace7-bd08aaaed3ea/element/00000000-0000-002c-0000-00ff00000003/clear [39m[32m200[39m [90m29 ms - 14[39m
[35m[HTTP][39m [90m[39m
[35m[HTTP][39m [37m-->[39m [37mPOST[39m [37m/wd/hub/session/8d0f833c-1116-493c-ace7-bd08aaaed3ea/element/00000000-0000-002c-0000-00ff00000003/click[39m
[35m[HTTP][39m [90m{"id":"00000000-0000-002c-0000-00ff00000003"}[39m
[35m[HTTP][39m [37m<-- POST /wd/hub/session/8d0f833c-1116-493c-ace7-bd08aaaed3ea/element/00000000-0000-002c-0000-00ff00000003/click [39m[32m200[39m [90m64 ms - 14[39m
[35m[HTTP][39m [90m[39m
[35m[HTTP][39m [37m-->[39m [37mPOST[39m [37m/wd/hub/session/8d0f833c-1116-493c-ace7-bd08aaaed3ea/element/00000000-0000-002c-0000-00ff00000003/value[39m
[35m[HTTP][39m [90m{"id":"00000000-0000-002c-0000-00ff00000003","text":"PT. Indocyber","value":["P","T","."," ","I","n","d","o","c","y","b","e","r"]}[39m
[35m[HTTP][39m [37m<-- POST /wd/hub/session/8d0f833c-1116-493c-ace7-bd08aaaed3ea/element/00000000-0000-002c-0000-00ff00000003/value [39m[32m200[39m [90m43 ms - 14[39m
[35m[HTTP][39m [90m[39m
[35m[HTTP][39m [37m-->[39m [37mGET[39m [37m/wd/hub/session/8d0f833c-1116-493c-ace7-bd08aaaed3ea/source[39m
[35m[HTTP][39m [90m{}[39m
[35m[W3C (8d0f833c)][39m Driver proxy active, passing request on via HTTP proxy
[35m[WD Proxy][39m Replacing sessionId f342900b-6100-41e3-aaa5-aaff24aab5cb with 8d0f833c-1116-493c-ace7-bd08aaaed3ea
[35m[HTTP][39m [37m<-- GET /wd/hub/session/8d0f833c-1116-493c-ace7-bd08aaaed3ea/source [39m[32m200[39m [90m156 ms - 5368[39m
[35m[HTTP][39m [90m[39m
[35m[HTTP][39m [37m-->[39m [37mGET[39m [37m/wd/hub/session/8d0f833c-1116-493c-ace7-bd08aaaed3ea/screenshot[39m
[35m[HTTP][39m [90m{}[39m
[35m[HTTP][39m [37m<-- GET /wd/hub/session/8d0f833c-1116-493c-ace7-bd08aaaed3ea/screenshot [39m[32m200[39m [90m380 ms - 231316[39m
[35m[HTTP][39m [90m[39m
[35m[HTTP][39m [37m-->[39m [37mGET[39m [37m/wd/hub/session/8d0f833c-1116-493c-ace7-bd08aaaed3ea/context[39m
[35m[HTTP][39m [90m{}[39m
[35m[HTTP][39m [37m<-- GET /wd/hub/session/8d0f833c-1116-493c-ace7-bd08aaaed3ea/context [39m[32m200[39m [90m11 ms - 22[39m
[35m[HTTP][39m [90m[39m
[35m[HTTP][39m [37m-->[39m [37mGET[39m [37m/wd/hub/session/8d0f833c-1116-493c-ace7-bd08aaaed3ea/contexts[39m
[35m[HTTP][39m [90m{}[39m
[35m[HTTP][39m [37m<-- GET /wd/hub/session/8d0f833c-1116-493c-ace7-bd08aaaed3ea/contexts [39m[32m200[39m [90m292 ms - 24[39m
[35m[HTTP][39m [90m[39m
[35m[HTTP][39m [37m-->[39m [37mPOST[39m [37m/wd/hub/session/8d0f833c-1116-493c-ace7-bd08aaaed3ea/context[39m
[35m[HTTP][39m [90m{"name":"NATIVE_APP"}[39m
[35m[HTTP][39m [37m<-- POST /wd/hub/session/8d0f833c-1116-493c-ace7-bd08aaaed3ea/context [39m[32m200[39m [90m3 ms - 14[39m
[35m[HTTP][39m [90m[39m
[35m[HTTP][39m [37m-->[39m [37mPOST[39m [37m/wd/hub/session/8d0f833c-1116-493c-ace7-bd08aaaed3ea/appium/device/hide_keyboard[39m
[35m[HTTP][39m [90m{}[39m
[35m[HTTP][39m [37m<-- POST /wd/hub/session/8d0f833c-1116-493c-ace7-bd08aaaed3ea/appium/device/hide_keyboard [39m[32m200[39m [90m1293 ms - 14[39m
[35m[HTTP][39m [90m[39m
[35m[HTTP][39m [37m-->[39m [37mPOST[39m [37m/wd/hub/session/8d0f833c-1116-493c-ace7-bd08aaaed3ea/context[39m
[35m[HTTP][39m [90m{"name":"NATIVE_APP"}[39m
[35m[HTTP][39m [37m<-- POST /wd/hub/session/8d0f833c-1116-493c-ace7-bd08aaaed3ea/context [39m[32m200[39m [90m1 ms - 14[39m
[35m[HTTP][39m [90m[39m
[35m[HTTP][39m [37m-->[39m [37mGET[39m [37m/wd/hub/session/8d0f833c-1116-493c-ace7-bd08aaaed3ea/source[39m
[35m[HTTP][39m [90m{}[39m
[35m[W3C (8d0f833c)][39m Driver proxy active, passing request on via HTTP proxy
[35m[WD Proxy][39m Replacing sessionId f342900b-6100-41e3-aaa5-aaff24aab5cb with 8d0f833c-1116-493c-ace7-bd08aaaed3ea
[35m[HTTP][39m [37m<-- GET /wd/hub/session/8d0f833c-1116-493c-ace7-bd08aaaed3ea/source [39m[32m200[39m [90m330 ms - 6217[39m
[35m[HTTP][39m [90m[39m
[35m[HTTP][39m [37m-->[39m [37mGET[39m [37m/wd/hub/session/8d0f833c-1116-493c-ace7-bd08aaaed3ea/screenshot[39m
[35m[HTTP][39m [90m{}[39m
[35m[HTTP][39m [37m<-- GET /wd/hub/session/8d0f833c-1116-493c-ace7-bd08aaaed3ea/screenshot [39m[32m200[39m [90m360 ms - 223158[39m
[35m[HTTP][39m [90m[39m
[35m[HTTP][39m [37m-->[39m [37mPOST[39m [37m/wd/hub/session/8d0f833c-1116-493c-ace7-bd08aaaed3ea/elements[39m
[35m[HTTP][39m [90m{"using":"xpath","value":"//*[@class = 'android.widget.EditText' and @resource-id = '' and (@text = '' or . = '')]"}[39m
[35m[HTTP][39m [37m<-- POST /wd/hub/session/8d0f833c-1116-493c-ace7-bd08aaaed3ea/elements [39m[32m200[39m [90m57 ms - 267[39m
[35m[HTTP][39m [90m[39m
[35m[HTTP][39m [37m-->[39m [37mPOST[39m [37m/wd/hub/session/8d0f833c-1116-493c-ace7-bd08aaaed3ea/elements[39m
[35m[HTTP][39m [90m{"using":"-android uiautomator","value":"new UiSelector().className(\"android.widget.EditText\").resourceId(\"\")"}[39m
[35m[HTTP][39m [37m<-- POST /wd/hub/session/8d0f833c-1116-493c-ace7-bd08aaaed3ea/elements [39m[32m200[39m [90m30 ms - 267[39m
[35m[HTTP][39m [90m[39m
[35m[HTTP][39m [37m-->[39m [37mGET[39m [37m/wd/hub/session/8d0f833c-1116-493c-ace7-bd08aaaed3ea/window/rect[39m
[35m[HTTP][39m [90m{}[39m
[35m[HTTP][39m [37m<-- GET /wd/hub/session/8d0f833c-1116-493c-ace7-bd08aaaed3ea/window/rect [39m[32m200[39m [90m12 ms - 50[39m
[35m[HTTP][39m [90m[39m
[35m[HTTP][39m [37m-->[39m [37mPOST[39m [37m/wd/hub/session/8d0f833c-1116-493c-ace7-bd08aaaed3ea/elements[39m
[35m[HTTP][39m [90m{"using":"xpath","value":"//hierarchy/android.widget.FrameLayout[1]/android.widget.LinearLayout[1]/android.widget.FrameLayout[1]/android.widget.FrameLayout[1]/android.view.View[1]/android.view.View[1]/android.view.View[1]/android.view.View[1]/android.view.View[1]/android.widget.EditText[2]"}[39m
[35m[HTTP][39m [37m<-- POST /wd/hub/session/8d0f833c-1116-493c-ace7-bd08aaaed3ea/elements [39m[32m200[39m [90m58 ms - 139[39m
[35m[HTTP][39m [90m[39m
[35m[HTTP][39m [37m-->[39m [37mGET[39m [37m/wd/hub/session/8d0f833c-1116-493c-ace7-bd08aaaed3ea/element/00000000-0000-002c-0000-010000000003/location[39m
[35m[HTTP][39m [90m{}[39m
[35m[W3C (8d0f833c)][39m Driver proxy active, passing request on via HTTP proxy
[35m[WD Proxy][39m Replacing sessionId f342900b-6100-41e3-aaa5-aaff24aab5cb with 8d0f833c-1116-493c-ace7-bd08aaaed3ea
[35m[HTTP][39m [37m<-- GET /wd/hub/session/8d0f833c-1116-493c-ace7-bd08aaaed3ea/element/00000000-0000-002c-0000-010000000003/location [39m[32m200[39m [90m18 ms - 78[39m
[35m[HTTP][39m [90m[39m
[35m[HTTP][39m [37m-->[39m [37mPOST[39m [37m/wd/hub/session/8d0f833c-1116-493c-ace7-bd08aaaed3ea/element/00000000-0000-002c-0000-010000000003/click[39m
[35m[HTTP][39m [90m{"id":"00000000-0000-002c-0000-010000000003"}[39m
[35m[HTTP][39m [37m<-- POST /wd/hub/session/8d0f833c-1116-493c-ace7-bd08aaaed3ea/element/00000000-0000-002c-0000-010000000003/click [39m[32m200[39m [90m42 ms - 14[39m
[35m[HTTP][39m [90m[39m
[35m[HTTP][39m [37m-->[39m [37mGET[39m [37m/wd/hub/session/8d0f833c-1116-493c-ace7-bd08aaaed3ea/source[39m
[35m[HTTP][39m [90m{}[39m
[35m[W3C (8d0f833c)][39m Driver proxy active, passing request on via HTTP proxy
[35m[WD Proxy][39m Replacing sessionId f342900b-6100-41e3-aaa5-aaff24aab5cb with 8d0f833c-1116-493c-ace7-bd08aaaed3ea
[35m[HTTP][39m [37m<-- GET /wd/hub/session/8d0f833c-1116-493c-ace7-bd08aaaed3ea/source [39m[32m200[39m [90m556 ms - 5368[39m
[35m[HTTP][39m [90m[39m
[35m[HTTP][39m [37m-->[39m [37mGET[39m [37m/wd/hub/session/8d0f833c-1116-493c-ace7-bd08aaaed3ea/screenshot[39m
[35m[HTTP][39m [90m{}[39m
[35m[HTTP][39m [37m<-- GET /wd/hub/session/8d0f833c-1116-493c-ace7-bd08aaaed3ea/screenshot [39m[32m200[39m [90m326 ms - 229576[39m
[35m[HTTP][39m [90m[39m
[35m[HTTP][39m [37m-->[39m [37mGET[39m [37m/wd/hub/session/8d0f833c-1116-493c-ace7-bd08aaaed3ea/window/rect[39m
[35m[HTTP][39m [90m{}[39m
[35m[HTTP][39m [37m<-- GET /wd/hub/session/8d0f833c-1116-493c-ace7-bd08aaaed3ea/window/rect [39m[32m200[39m [90m19 ms - 50[39m
[35m[HTTP][39m [90m[39m
[35m[HTTP][39m [37m-->[39m [37mPOST[39m [37m/wd/hub/session/8d0f833c-1116-493c-ace7-bd08aaaed3ea/elements[39m
[35m[HTTP][39m [90m{"using":"xpath","value":"//hierarchy/android.widget.FrameLayout[1]/android.widget.LinearLayout[1]/android.widget.FrameLayout[1]/android.widget.FrameLayout[1]/android.view.View[1]/android.view.View[1]/android.view.View[1]/android.view.View[1]/android.view.View[1]/android.widget.EditText[2]"}[39m
[35m[HTTP][39m [37m<-- POST /wd/hub/session/8d0f833c-1116-493c-ace7-bd08aaaed3ea/elements [39m[32m200[39m [90m73 ms - 139[39m
[35m[HTTP][39m [90m[39m
[35m[HTTP][39m [37m-->[39m [37mGET[39m [37m/wd/hub/session/8d0f833c-1116-493c-ace7-bd08aaaed3ea/element/00000000-0000-002c-0000-010000000003/location[39m
[35m[HTTP][39m [90m{}[39m
[35m[W3C (8d0f833c)][39m Driver proxy active, passing request on via HTTP proxy
[35m[WD Proxy][39m Replacing sessionId f342900b-6100-41e3-aaa5-aaff24aab5cb with 8d0f833c-1116-493c-ace7-bd08aaaed3ea
[35m[HTTP][39m [37m<-- GET /wd/hub/session/8d0f833c-1116-493c-ace7-bd08aaaed3ea/element/00000000-0000-002c-0000-010000000003/location [39m[32m200[39m [90m26 ms - 78[39m
[35m[HTTP][39m [90m[39m
[35m[HTTP][39m [37m-->[39m [37mPOST[39m [37m/wd/hub/session/8d0f833c-1116-493c-ace7-bd08aaaed3ea/element/00000000-0000-002c-0000-010000000003/clear[39m
[35m[HTTP][39m [90m{"id":"00000000-0000-002c-0000-010000000003"}[39m
[35m[HTTP][39m [37m<-- POST /wd/hub/session/8d0f833c-1116-493c-ace7-bd08aaaed3ea/element/00000000-0000-002c-0000-010000000003/clear [39m[32m200[39m [90m21 ms - 14[39m
[35m[HTTP][39m [90m[39m
[35m[HTTP][39m [37m-->[39m [37mPOST[39m [37m/wd/hub/session/8d0f833c-1116-493c-ace7-bd08aaaed3ea/element/00000000-0000-002c-0000-010000000003/click[39m
[35m[HTTP][39m [90m{"id":"00000000-0000-002c-0000-010000000003"}[39m
[35m[HTTP][39m [37m<-- POST /wd/hub/session/8d0f833c-1116-493c-ace7-bd08aaaed3ea/element/00000000-0000-002c-0000-010000000003/click [39m[32m200[39m [90m53 ms - 14[39m
[35m[HTTP][39m [90m[39m
[35m[HTTP][39m [37m-->[39m [37mPOST[39m [37m/wd/hub/session/8d0f833c-1116-493c-ace7-bd08aaaed3ea/element/00000000-0000-002c-0000-010000000003/value[39m
[35m[HTTP][39m [90m{"id":"00000000-0000-002c-0000-010000000003","text":"IGLO","value":["I","G","L","O"]}[39m
[35m[HTTP][39m [37m<-- POST /wd/hub/session/8d0f833c-1116-493c-ace7-bd08aaaed3ea/element/00000000-0000-002c-0000-010000000003/value [39m[32m200[39m [90m31 ms - 14[39m
[35m[HTTP][39m [90m[39m
[35m[HTTP][39m [37m-->[39m [37mGET[39m [37m/wd/hub/session/8d0f833c-1116-493c-ace7-bd08aaaed3ea/source[39m
[35m[HTTP][39m [90m{}[39m
[35m[W3C (8d0f833c)][39m Driver proxy active, passing request on via HTTP proxy
[35m[WD Proxy][39m Replacing sessionId f342900b-6100-41e3-aaa5-aaff24aab5cb with 8d0f833c-1116-493c-ace7-bd08aaaed3ea
[35m[HTTP][39m [37m<-- GET /wd/hub/session/8d0f833c-1116-493c-ace7-bd08aaaed3ea/source [39m[32m200[39m [90m174 ms - 5372[39m
[35m[HTTP][39m [90m[39m
[35m[HTTP][39m [37m-->[39m [37mGET[39m [37m/wd/hub/session/8d0f833c-1116-493c-ace7-bd08aaaed3ea/screenshot[39m
[35m[HTTP][39m [90m{}[39m
[35m[HTTP][39m [37m<-- GET /wd/hub/session/8d0f833c-1116-493c-ace7-bd08aaaed3ea/screenshot [39m[32m200[39m [90m454 ms - 227014[39m
[35m[HTTP][39m [90m[39m
[35m[HTTP][39m [37m-->[39m [37mGET[39m [37m/wd/hub/session/8d0f833c-1116-493c-ace7-bd08aaaed3ea/context[39m
[35m[HTTP][39m [90m{}[39m
[35m[HTTP][39m [37m<-- GET /wd/hub/session/8d0f833c-1116-493c-ace7-bd08aaaed3ea/context [39m[32m200[39m [90m2 ms - 22[39m
[35m[HTTP][39m [90m[39m
[35m[HTTP][39m [37m-->[39m [37mGET[39m [37m/wd/hub/session/8d0f833c-1116-493c-ace7-bd08aaaed3ea/contexts[39m
[35m[HTTP][39m [90m{}[39m
[35m[HTTP][39m [37m<-- GET /wd/hub/session/8d0f833c-1116-493c-ace7-bd08aaaed3ea/contexts [39m[32m200[39m [90m106 ms - 24[39m
[35m[HTTP][39m [90m[39m
[35m[HTTP][39m [37m-->[39m [37mPOST[39m [37m/wd/hub/session/8d0f833c-1116-493c-ace7-bd08aaaed3ea/context[39m
[35m[HTTP][39m [90m{"name":"NATIVE_APP"}[39m
[35m[HTTP][39m [37m<-- POST /wd/hub/session/8d0f833c-1116-493c-ace7-bd08aaaed3ea/context [39m[32m200[39m [90m2 ms - 14[39m
[35m[HTTP][39m [90m[39m
[35m[HTTP][39m [37m-->[39m [37mPOST[39m [37m/wd/hub/session/8d0f833c-1116-493c-ace7-bd08aaaed3ea/appium/device/hide_keyboard[39m
[35m[HTTP][39m [90m{}[39m
[35m[HTTP][39m [37m<-- POST /wd/hub/session/8d0f833c-1116-493c-ace7-bd08aaaed3ea/appium/device/hide_keyboard [39m[32m200[39m [90m1308 ms - 14[39m
[35m[HTTP][39m [90m[39m
[35m[HTTP][39m [37m-->[39m [37mPOST[39m [37m/wd/hub/session/8d0f833c-1116-493c-ace7-bd08aaaed3ea/context[39m
[35m[HTTP][39m [90m{"name":"NATIVE_APP"}[39m
[35m[HTTP][39m [37m<-- POST /wd/hub/session/8d0f833c-1116-493c-ace7-bd08aaaed3ea/context [39m[32m200[39m [90m6 ms - 14[39m
[35m[HTTP][39m [90m[39m
[35m[HTTP][39m [37m-->[39m [37mGET[39m [37m/wd/hub/session/8d0f833c-1116-493c-ace7-bd08aaaed3ea/source[39m
[35m[HTTP][39m [90m{}[39m
[35m[W3C (8d0f833c)][39m Driver proxy active, passing request on via HTTP proxy
[35m[WD Proxy][39m Replacing sessionId f342900b-6100-41e3-aaa5-aaff24aab5cb with 8d0f833c-1116-493c-ace7-bd08aaaed3ea
[35m[HTTP][39m [37m<-- GET /wd/hub/session/8d0f833c-1116-493c-ace7-bd08aaaed3ea/source [39m[32m200[39m [90m402 ms - 6221[39m
[35m[HTTP][39m [90m[39m
[35m[HTTP][39m [37m-->[39m [37mGET[39m [37m/wd/hub/session/8d0f833c-1116-493c-ace7-bd08aaaed3ea/screenshot[39m
[35m[HTTP][39m [90m{}[39m
[35m[HTTP][39m [37m<-- GET /wd/hub/session/8d0f833c-1116-493c-ace7-bd08aaaed3ea/screenshot [39m[32m200[39m [90m404 ms - 225700[39m
[35m[HTTP][39m [90m[39m
[35m[HTTP][39m [37m-->[39m [37mPOST[39m [37m/wd/hub/session/8d0f833c-1116-493c-ace7-bd08aaaed3ea/elements[39m
[35m[HTTP][39m [90m{"using":"xpath","value":"//*[@class = 'android.widget.ImageView' and @resource-id = '' and (@text = '' or . = '')]"}[39m
[35m[HTTP][39m [37m<-- POST /wd/hub/session/8d0f833c-1116-493c-ace7-bd08aaaed3ea/elements [39m[32m200[39m [90m44 ms - 139[39m
[35m[HTTP][39m [90m[39m
[35m[HTTP][39m [37m-->[39m [37mGET[39m [37m/wd/hub/session/8d0f833c-1116-493c-ace7-bd08aaaed3ea/window/rect[39m
[35m[HTTP][39m [90m{}[39m
[35m[HTTP][39m [37m<-- GET /wd/hub/session/8d0f833c-1116-493c-ace7-bd08aaaed3ea/window/rect [39m[32m200[39m [90m10 ms - 50[39m
[35m[HTTP][39m [90m[39m
[35m[HTTP][39m [37m-->[39m [37mPOST[39m [37m/wd/hub/session/8d0f833c-1116-493c-ace7-bd08aaaed3ea/elements[39m
[35m[HTTP][39m [90m{"using":"xpath","value":"//*[@class = 'android.widget.ImageView' and @resource-id = '' and (@text = '' or . = '')]"}[39m
[35m[HTTP][39m [37m<-- POST /wd/hub/session/8d0f833c-1116-493c-ace7-bd08aaaed3ea/elements [39m[32m200[39m [90m46 ms - 139[39m
[35m[HTTP][39m [90m[39m
[35m[HTTP][39m [37m-->[39m [37mGET[39m [37m/wd/hub/session/8d0f833c-1116-493c-ace7-bd08aaaed3ea/element/00000000-0000-002c-0000-010300000003/location[39m
[35m[HTTP][39m [90m{}[39m
[35m[W3C (8d0f833c)][39m Driver proxy active, passing request on via HTTP proxy
[35m[WD Proxy][39m Replacing sessionId f342900b-6100-41e3-aaa5-aaff24aab5cb with 8d0f833c-1116-493c-ace7-bd08aaaed3ea
[35m[HTTP][39m [37m<-- GET /wd/hub/session/8d0f833c-1116-493c-ace7-bd08aaaed3ea/element/00000000-0000-002c-0000-010300000003/location [39m[32m200[39m [90m14 ms - 79[39m
[35m[HTTP][39m [90m[39m
[35m[HTTP][39m [37m-->[39m [37mPOST[39m [37m/wd/hub/session/8d0f833c-1116-493c-ace7-bd08aaaed3ea/element/00000000-0000-002c-0000-010300000003/click[39m
[35m[HTTP][39m [90m{"id":"00000000-0000-002c-0000-010300000003"}[39m
[35m[HTTP][39m [37m<-- POST /wd/hub/session/8d0f833c-1116-493c-ace7-bd08aaaed3ea/element/00000000-0000-002c-0000-010300000003/click [39m[32m200[39m [90m41 ms - 14[39m
[35m[HTTP][39m [90m[39m
[35m[HTTP][39m [37m-->[39m [37mGET[39m [37m/wd/hub/session/8d0f833c-1116-493c-ace7-bd08aaaed3ea/source[39m
[35m[HTTP][39m [90m{}[39m
[35m[W3C (8d0f833c)][39m Driver proxy active, passing request on via HTTP proxy
[35m[WD Proxy][39m Replacing sessionId f342900b-6100-41e3-aaa5-aaff24aab5cb with 8d0f833c-1116-493c-ace7-bd08aaaed3ea
[35m[HTTP][39m [37m<-- GET /wd/hub/session/8d0f833c-1116-493c-ace7-bd08aaaed3ea/source [39m[32m200[39m [90m274 ms - 5692[39m
[35m[HTTP][39m [90m[39m
[35m[HTTP][39m [37m-->[39m [37mGET[39m [37m/wd/hub/session/8d0f833c-1116-493c-ace7-bd08aaaed3ea/screenshot[39m
[35m[HTTP][39m [90m{}[39m
[35m[HTTP][39m [37m<-- GET /wd/hub/session/8d0f833c-1116-493c-ace7-bd08aaaed3ea/screenshot [39m[32m200[39m [90m391 ms - 222814[39m
[35m[HTTP][39m [90m[39m
[35m[HTTP][39m [37m-->[39m [37mPOST[39m [37m/wd/hub/session/8d0f833c-1116-493c-ace7-bd08aaaed3ea/elements[39m
[35m[HTTP][39m [90m{"using":"xpath","value":"//*[@class = 'android.view.View' and @resource-id = '' and (@text = '' or . = '')]"}[39m
[35m[HTTP][39m [37m<-- POST /wd/hub/session/8d0f833c-1116-493c-ace7-bd08aaaed3ea/elements [39m[32m200[39m [90m81 ms - 1163[39m
[35m[HTTP][39m [90m[39m
[35m[HTTP][39m [37m-->[39m [37mPOST[39m [37m/wd/hub/session/8d0f833c-1116-493c-ace7-bd08aaaed3ea/elements[39m
[35m[HTTP][39m [90m{"using":"accessibility id","value":"Commercial"}[39m
[35m[HTTP][39m [37m<-- POST /wd/hub/session/8d0f833c-1116-493c-ace7-bd08aaaed3ea/elements [39m[32m200[39m [90m24 ms - 139[39m
[35m[HTTP][39m [90m[39m
[35m[HTTP][39m [37m-->[39m [37mGET[39m [37m/wd/hub/session/8d0f833c-1116-493c-ace7-bd08aaaed3ea/window/rect[39m
[35m[HTTP][39m [90m{}[39m
[35m[HTTP][39m [37m<-- GET /wd/hub/session/8d0f833c-1116-493c-ace7-bd08aaaed3ea/window/rect [39m[32m200[39m [90m11 ms - 50[39m
[35m[HTTP][39m [90m[39m
[35m[HTTP][39m [37m-->[39m [37mPOST[39m [37m/wd/hub/session/8d0f833c-1116-493c-ace7-bd08aaaed3ea/elements[39m
[35m[HTTP][39m [90m{"using":"accessibility id","value":"Commercial"}[39m
[35m[HTTP][39m [37m<-- POST /wd/hub/session/8d0f833c-1116-493c-ace7-bd08aaaed3ea/elements [39m[32m200[39m [90m22 ms - 139[39m
[35m[HTTP][39m [90m[39m
[35m[HTTP][39m [37m-->[39m [37mGET[39m [37m/wd/hub/session/8d0f833c-1116-493c-ace7-bd08aaaed3ea/element/00000000-0000-002c-0000-013000000003/location[39m
[35m[HTTP][39m [90m{}[39m
[35m[W3C (8d0f833c)][39m Driver proxy active, passing request on via HTTP proxy
[35m[WD Proxy][39m Replacing sessionId f342900b-6100-41e3-aaa5-aaff24aab5cb with 8d0f833c-1116-493c-ace7-bd08aaaed3ea
[35m[HTTP][39m [37m<-- GET /wd/hub/session/8d0f833c-1116-493c-ace7-bd08aaaed3ea/element/00000000-0000-002c-0000-013000000003/location [39m[32m200[39m [90m15 ms - 79[39m
[35m[HTTP][39m [90m[39m
[35m[HTTP][39m [37m-->[39m [37mPOST[39m [37m/wd/hub/session/8d0f833c-1116-493c-ace7-bd08aaaed3ea/element/00000000-0000-002c-0000-013000000003/click[39m
[35m[HTTP][39m [90m{"id":"00000000-0000-002c-0000-013000000003"}[39m
[35m[HTTP][39m [37m<-- POST /wd/hub/session/8d0f833c-1116-493c-ace7-bd08aaaed3ea/element/00000000-0000-002c-0000-013000000003/click [39m[32m200[39m [90m53 ms - 14[39m
[35m[HTTP][39m [90m[39m
[35m[HTTP][39m [37m-->[39m [37mGET[39m [37m/wd/hub/session/8d0f833c-1116-493c-ace7-bd08aaaed3ea/source[39m
[35m[HTTP][39m [90m{}[39m
[35m[W3C (8d0f833c)][39m Driver proxy active, passing request on via HTTP proxy
[35m[WD Proxy][39m Replacing sessionId f342900b-6100-41e3-aaa5-aaff24aab5cb with 8d0f833c-1116-493c-ace7-bd08aaaed3ea
[35m[HTTP][39m [37m<-- GET /wd/hub/session/8d0f833c-1116-493c-ace7-bd08aaaed3ea/source [39m[32m200[39m [90m274 ms - 6217[39m
[35m[HTTP][39m [90m[39m
[35m[HTTP][39m [37m-->[39m [37mGET[39m [37m/wd/hub/session/8d0f833c-1116-493c-ace7-bd08aaaed3ea/screenshot[39m
[35m[HTTP][39m [90m{}[39m
[35m[HTTP][39m [37m<-- GET /wd/hub/session/8d0f833c-1116-493c-ace7-bd08aaaed3ea/screenshot [39m[32m200[39m [90m366 ms - 223014[39m
[35m[HTTP][39m [90m[39m
[35m[HTTP][39m [37m-->[39m [37mGET[39m [37m/wd/hub/session/8d0f833c-1116-493c-ace7-bd08aaaed3ea/window/rect[39m
[35m[HTTP][39m [90m{}[39m
[35m[HTTP][39m [37m<-- GET /wd/hub/session/8d0f833c-1116-493c-ace7-bd08aaaed3ea/window/rect [39m[32m200[39m [90m34 ms - 50[39m
[35m[HTTP][39m [90m[39m
[35m[HTTP][39m [37m-->[39m [37mPOST[39m [37m/wd/hub/session/8d0f833c-1116-493c-ace7-bd08aaaed3ea/elements[39m
[35m[HTTP][39m [90m{"using":"xpath","value":"//*[@class = 'android.widget.ImageView' and @resource-id = '' and (@text = '' or . = '')]"}[39m
[35m[HTTP][39m [37m<-- POST /wd/hub/session/8d0f833c-1116-493c-ace7-bd08aaaed3ea/elements [39m[32m200[39m [90m71 ms - 139[39m
[35m[HTTP][39m [90m[39m
[35m[HTTP][39m [37m-->[39m [37mGET[39m [37m/wd/hub/session/8d0f833c-1116-493c-ace7-bd08aaaed3ea/element/00000000-0000-002c-0000-010300000003/location[39m
[35m[HTTP][39m [90m{}[39m
[35m[W3C (8d0f833c)][39m Driver proxy active, passing request on via HTTP proxy
[35m[WD Proxy][39m Replacing sessionId f342900b-6100-41e3-aaa5-aaff24aab5cb with 8d0f833c-1116-493c-ace7-bd08aaaed3ea
[35m[HTTP][39m [37m<-- GET /wd/hub/session/8d0f833c-1116-493c-ace7-bd08aaaed3ea/element/00000000-0000-002c-0000-010300000003/location [39m[32m200[39m [90m23 ms - 79[39m
[35m[HTTP][39m [90m[39m
[35m[HTTP][39m [37m-->[39m [37mPOST[39m [37m/wd/hub/session/8d0f833c-1116-493c-ace7-bd08aaaed3ea/element/00000000-0000-002c-0000-010300000003/click[39m
[35m[HTTP][39m [90m{"id":"00000000-0000-002c-0000-010300000003"}[39m
[35m[HTTP][39m [37m<-- POST /wd/hub/session/8d0f833c-1116-493c-ace7-bd08aaaed3ea/element/00000000-0000-002c-0000-010300000003/click [39m[32m200[39m [90m66 ms - 14[39m
[35m[HTTP][39m [90m[39m
[35m[HTTP][39m [37m-->[39m [37mGET[39m [37m/wd/hub/session/8d0f833c-1116-493c-ace7-bd08aaaed3ea/source[39m
[35m[HTTP][39m [90m{}[39m
[35m[W3C (8d0f833c)][39m Driver proxy active, passing request on via HTTP proxy
[35m[WD Proxy][39m Replacing sessionId f342900b-6100-41e3-aaa5-aaff24aab5cb with 8d0f833c-1116-493c-ace7-bd08aaaed3ea
[35m[HTTP][39m [37m<-- GET /wd/hub/session/8d0f833c-1116-493c-ace7-bd08aaaed3ea/source [39m[32m200[39m [90m175 ms - 5692[39m
[35m[HTTP][39m [90m[39m
[35m[HTTP][39m [37m-->[39m [37mGET[39m [37m/wd/hub/session/8d0f833c-1116-493c-ace7-bd08aaaed3ea/screenshot[39m
[35m[HTTP][39m [90m{}[39m
[35m[HTTP][39m [37m<-- GET /wd/hub/session/8d0f833c-1116-493c-ace7-bd08aaaed3ea/screenshot [39m[32m200[39m [90m363 ms - 222814[39m
[35m[HTTP][39m [90m[39m
[35m[HTTP][39m [37m-->[39m [37mPOST[39m [37m/wd/hub/session/8d0f833c-1116-493c-ace7-bd08aaaed3ea/elements[39m
[35m[HTTP][39m [90m{"using":"xpath","value":"//*[@class = 'android.view.View' and @resource-id = '' and (@text = '' or . = '')]"}[39m
[35m[HTTP][39m [37m<-- POST /wd/hub/session/8d0f833c-1116-493c-ace7-bd08aaaed3ea/elements [39m[32m200[39m [90m54 ms - 1163[39m
[35m[HTTP][39m [90m[39m
[35m[HTTP][39m [37m-->[39m [37mPOST[39m [37m/wd/hub/session/8d0f833c-1116-493c-ace7-bd08aaaed3ea/elements[39m
[35m[HTTP][39m [90m{"using":"accessibility id","value":"Corporate"}[39m
[35m[HTTP][39m [37m<-- POST /wd/hub/session/8d0f833c-1116-493c-ace7-bd08aaaed3ea/elements [39m[32m200[39m [90m19 ms - 139[39m
[35m[HTTP][39m [90m[39m
[35m[HTTP][39m [37m-->[39m [37mGET[39m [37m/wd/hub/session/8d0f833c-1116-493c-ace7-bd08aaaed3ea/window/rect[39m
[35m[HTTP][39m [90m{}[39m
[35m[HTTP][39m [37m<-- GET /wd/hub/session/8d0f833c-1116-493c-ace7-bd08aaaed3ea/window/rect [39m[32m200[39m [90m7 ms - 50[39m
[35m[HTTP][39m [90m[39m
[35m[HTTP][39m [37m-->[39m [37mPOST[39m [37m/wd/hub/session/8d0f833c-1116-493c-ace7-bd08aaaed3ea/elements[39m
[35m[HTTP][39m [90m{"using":"accessibility id","value":"Corporate"}[39m
[35m[HTTP][39m [37m<-- POST /wd/hub/session/8d0f833c-1116-493c-ace7-bd08aaaed3ea/elements [39m[32m200[39m [90m21 ms - 139[39m
[35m[HTTP][39m [90m[39m
[35m[HTTP][39m [37m-->[39m [37mGET[39m [37m/wd/hub/session/8d0f833c-1116-493c-ace7-bd08aaaed3ea/element/00000000-0000-002c-0000-013800000003/location[39m
[35m[HTTP][39m [90m{}[39m
[35m[W3C (8d0f833c)][39m Driver proxy active, passing request on via HTTP proxy
[35m[WD Proxy][39m Replacing sessionId f342900b-6100-41e3-aaa5-aaff24aab5cb with 8d0f833c-1116-493c-ace7-bd08aaaed3ea
[35m[HTTP][39m [37m<-- GET /wd/hub/session/8d0f833c-1116-493c-ace7-bd08aaaed3ea/element/00000000-0000-002c-0000-013800000003/location [39m[32m200[39m [90m14 ms - 79[39m
[35m[HTTP][39m [90m[39m
[35m[HTTP][39m [37m-->[39m [37mPOST[39m [37m/wd/hub/session/8d0f833c-1116-493c-ace7-bd08aaaed3ea/element/00000000-0000-002c-0000-013800000003/click[39m
[35m[HTTP][39m [90m{"id":"00000000-0000-002c-0000-013800000003"}[39m
[35m[HTTP][39m [37m<-- POST /wd/hub/session/8d0f833c-1116-493c-ace7-bd08aaaed3ea/element/00000000-0000-002c-0000-013800000003/click [39m[32m200[39m [90m867 ms - 14[39m
[35m[HTTP][39m [90m[39m
[35m[HTTP][39m [37m-->[39m [37mGET[39m [37m/wd/hub/session/8d0f833c-1116-493c-ace7-bd08aaaed3ea/source[39m
[35m[HTTP][39m [90m{}[39m
[35m[W3C (8d0f833c)][39m Driver proxy active, passing request on via HTTP proxy
[35m[WD Proxy][39m Replacing sessionId f342900b-6100-41e3-aaa5-aaff24aab5cb with 8d0f833c-1116-493c-ace7-bd08aaaed3ea
[35m[HTTP][39m [37m<-- GET /wd/hub/session/8d0f833c-1116-493c-ace7-bd08aaaed3ea/source [39m[32m200[39m [90m29 ms - 6216[39m
[35m[HTTP][39m [90m[39m
[35m[HTTP][39m [37m-->[39m [37mGET[39m [37m/wd/hub/session/8d0f833c-1116-493c-ace7-bd08aaaed3ea/screenshot[39m
[35m[HTTP][39m [90m{}[39m
[35m[HTTP][39m [37m<-- GET /wd/hub/session/8d0f833c-1116-493c-ace7-bd08aaaed3ea/screenshot [39m[32m200[39m [90m409 ms - 222814[39m
[35m[HTTP][39m [90m[39m
[35m[HTTP][39m [37m-->[39m [37mPOST[39m [37m/wd/hub/session/8d0f833c-1116-493c-ace7-bd08aaaed3ea/elements[39m
[35m[HTTP][39m [90m{"using":"xpath","value":"//*[@class = 'android.widget.Button' and @resource-id = '' and (@text = '' or . = '')]"}[39m
[35m[HTTP][39m [37m<-- POST /wd/hub/session/8d0f833c-1116-493c-ace7-bd08aaaed3ea/elements [39m[32m200[39m [90m55 ms - 267[39m
[35m[HTTP][39m [90m[39m
[35m[HTTP][39m [37m-->[39m [37mPOST[39m [37m/wd/hub/session/8d0f833c-1116-493c-ace7-bd08aaaed3ea/elements[39m
[35m[HTTP][39m [90m{"using":"accessibility id","value":"Create"}[39m
[35m[HTTP][39m [37m<-- POST /wd/hub/session/8d0f833c-1116-493c-ace7-bd08aaaed3ea/elements [39m[32m200[39m [90m24 ms - 139[39m
[35m[HTTP][39m [90m[39m
[35m[HTTP][39m [37m-->[39m [37mGET[39m [37m/wd/hub/session/8d0f833c-1116-493c-ace7-bd08aaaed3ea/window/rect[39m
[35m[HTTP][39m [90m{}[39m
[35m[HTTP][39m [37m<-- GET /wd/hub/session/8d0f833c-1116-493c-ace7-bd08aaaed3ea/window/rect [39m[32m200[39m [90m12 ms - 50[39m
[35m[HTTP][39m [90m[39m
[35m[HTTP][39m [37m-->[39m [37mPOST[39m [37m/wd/hub/session/8d0f833c-1116-493c-ace7-bd08aaaed3ea/elements[39m
[35m[HTTP][39m [90m{"using":"accessibility id","value":"Create"}[39m
[35m[HTTP][39m [37m<-- POST /wd/hub/session/8d0f833c-1116-493c-ace7-bd08aaaed3ea/elements [39m[32m200[39m [90m23 ms - 139[39m
[35m[HTTP][39m [90m[39m
[35m[HTTP][39m [37m-->[39m [37mGET[39m [37m/wd/hub/session/8d0f833c-1116-493c-ace7-bd08aaaed3ea/element/00000000-0000-002c-0000-010200000003/location[39m
[35m[HTTP][39m [90m{}[39m
[35m[W3C (8d0f833c)][39m Driver proxy active, passing request on via HTTP proxy
[35m[WD Proxy][39m Replacing sessionId f342900b-6100-41e3-aaa5-aaff24aab5cb with 8d0f833c-1116-493c-ace7-bd08aaaed3ea
[35m[HTTP][39m [37m<-- GET /wd/hub/session/8d0f833c-1116-493c-ace7-bd08aaaed3ea/element/00000000-0000-002c-0000-010200000003/location [39m[32m200[39m [90m19 ms - 79[39m
[35m[HTTP][39m [90m[39m
[35m[HTTP][39m [37m-->[39m [37mPOST[39m [37m/wd/hub/session/8d0f833c-1116-493c-ace7-bd08aaaed3ea/element/00000000-0000-002c-0000-010200000003/click[39m
[35m[HTTP][39m [90m{"id":"00000000-0000-002c-0000-010200000003"}[39m
[35m[HTTP][39m [37m<-- POST /wd/hub/session/8d0f833c-1116-493c-ace7-bd08aaaed3ea/element/00000000-0000-002c-0000-010200000003/click [39m[32m200[39m [90m1054 ms - 14[39m
[35m[HTTP][39m [90m[39m
[35m[HTTP][39m [37m-->[39m [37mGET[39m [37m/wd/hub/session/8d0f833c-1116-493c-ace7-bd08aaaed3ea/source[39m
[35m[HTTP][39m [90m{}[39m
[35m[W3C (8d0f833c)][39m Driver proxy active, passing request on via HTTP proxy
[35m[WD Proxy][39m Replacing sessionId f342900b-6100-41e3-aaa5-aaff24aab5cb with 8d0f833c-1116-493c-ace7-bd08aaaed3ea
[35m[HTTP][39m [37m<-- GET /wd/hub/session/8d0f833c-1116-493c-ace7-bd08aaaed3ea/source [39m[32m200[39m [90m25 ms - 4427[39m
[35m[HTTP][39m [90m[39m
[35m[HTTP][39m [37m-->[39m [37mGET[39m [37m/wd/hub/session/8d0f833c-1116-493c-ace7-bd08aaaed3ea/screenshot[39m
[35m[HTTP][39m [90m{}[39m
[35m[HTTP][39m [37m<-- GET /wd/hub/session/8d0f833c-1116-493c-ace7-bd08aaaed3ea/screenshot [39m[32m200[39m [90m364 ms - 206634[39m
[35m[HTTP][39m [90m[39m
[35m[HTTP][39m [37m-->[39m [37mPOST[39m [37m/wd/hub/session/8d0f833c-1116-493c-ace7-bd08aaaed3ea/elements[39m
[35m[HTTP][39m [90m{"using":"xpath","value":"//*[@class = 'android.view.View' and @resource-id = '' and (@text = '' or . = '')]"}[39m
[35m[HTTP][39m [37m<-- POST /wd/hub/session/8d0f833c-1116-493c-ace7-bd08aaaed3ea/elements [39m[32m200[39m [90m49 ms - 651[39m
[35m[HTTP][39m [90m[39m
[35m[HTTP][39m [37m-->[39m [37mPOST[39m [37m/wd/hub/session/8d0f833c-1116-493c-ace7-bd08aaaed3ea/elements[39m
[35m[HTTP][39m [90m{"using":"-android uiautomator","value":"new UiSelector().className(\"android.view.View\").resourceId(\"\")"}[39m
[35m[HTTP][39m [37m<-- POST /wd/hub/session/8d0f833c-1116-493c-ace7-bd08aaaed3ea/elements [39m[32m200[39m [90m34 ms - 651[39m
[35m[HTTP][39m [90m[39m
[35m[HTTP][39m [37m-->[39m [37mGET[39m [37m/wd/hub/session/8d0f833c-1116-493c-ace7-bd08aaaed3ea/window/rect[39m
[35m[HTTP][39m [90m{}[39m
[35m[HTTP][39m [37m<-- GET /wd/hub/session/8d0f833c-1116-493c-ace7-bd08aaaed3ea/window/rect [39m[32m200[39m [90m11 ms - 50[39m
[35m[HTTP][39m [90m[39m
[35m[HTTP][39m [37m-->[39m [37mPOST[39m [37m/wd/hub/session/8d0f833c-1116-493c-ace7-bd08aaaed3ea/elements[39m
[35m[HTTP][39m [90m{"using":"xpath","value":"//hierarchy/android.widget.FrameLayout[1]/android.widget.LinearLayout[1]/android.widget.FrameLayout[1]/android.widget.FrameLayout[1]/android.view.View[1]/android.view.View[1]/android.view.View[1]/android.view.View[1]"}[39m
[35m[HTTP][39m [37m<-- POST /wd/hub/session/8d0f833c-1116-493c-ace7-bd08aaaed3ea/elements [39m[32m200[39m [90m48 ms - 139[39m
[35m[HTTP][39m [90m[39m
[35m[HTTP][39m [37m-->[39m [37mGET[39m [37m/wd/hub/session/8d0f833c-1116-493c-ace7-bd08aaaed3ea/element/00000000-0000-002c-0000-013f00000003/location[39m
[35m[HTTP][39m [90m{}[39m
[35m[W3C (8d0f833c)][39m Driver proxy active, passing request on via HTTP proxy
[35m[WD Proxy][39m Replacing sessionId f342900b-6100-41e3-aaa5-aaff24aab5cb with 8d0f833c-1116-493c-ace7-bd08aaaed3ea
[35m[HTTP][39m [37m<-- GET /wd/hub/session/8d0f833c-1116-493c-ace7-bd08aaaed3ea/element/00000000-0000-002c-0000-013f00000003/location [39m[32m200[39m [90m19 ms - 74[39m
[35m[HTTP][39m [90m[39m
[35m[HTTP][39m [37m-->[39m [37mPOST[39m [37m/wd/hub/session/8d0f833c-1116-493c-ace7-bd08aaaed3ea/element/00000000-0000-002c-0000-013f00000003/click[39m
[35m[HTTP][39m [90m{"id":"00000000-0000-002c-0000-013f00000003"}[39m
[35m[HTTP][39m [37m<-- POST /wd/hub/session/8d0f833c-1116-493c-ace7-bd08aaaed3ea/element/00000000-0000-002c-0000-013f00000003/click [39m[32m200[39m [90m59 ms - 14[39m
[35m[HTTP][39m [90m[39m
[35m[HTTP][39m [37m-->[39m [37mGET[39m [37m/wd/hub/session/8d0f833c-1116-493c-ace7-bd08aaaed3ea/source[39m
[35m[HTTP][39m [90m{}[39m
[35m[W3C (8d0f833c)][39m Driver proxy active, passing request on via HTTP proxy
[35m[WD Proxy][39m Replacing sessionId f342900b-6100-41e3-aaa5-aaff24aab5cb with 8d0f833c-1116-493c-ace7-bd08aaaed3ea
[35m[HTTP][39m [37m<-- GET /wd/hub/session/8d0f833c-1116-493c-ace7-bd08aaaed3ea/source [39m[32m200[39m [90m26 ms - 4427[39m
[35m[HTTP][39m [90m[39m
[35m[HTTP][39m [37m-->[39m [37mGET[39m [37m/wd/hub/session/8d0f833c-1116-493c-ace7-bd08aaaed3ea/screenshot[39m
[35m[HTTP][39m [90m{}[39m
[35m[HTTP][39m [37m<-- GET /wd/hub/session/8d0f833c-1116-493c-ace7-bd08aaaed3ea/screenshot [39m[32m200[39m [90m371 ms - 207020[39m
[35m[HTTP][39m [90m[39m
[35m[HTTP][39m [37m-->[39m [37mPOST[39m [37m/wd/hub/session/8d0f833c-1116-493c-ace7-bd08aaaed3ea/elements[39m
[35m[HTTP][39m [90m{"using":"xpath","value":"//*[@class = 'android.widget.ImageView' and @resource-id = '' and (@text = '' or . = '')]"}[39m
[35m[HTTP][39m [37m<-- POST /wd/hub/session/8d0f833c-1116-493c-ace7-bd08aaaed3ea/elements [39m[32m200[39m [90m38 ms - 139[39m
[35m[HTTP][39m [90m[39m
[35m[HTTP][39m [37m-->[39m [37mGET[39m [37m/wd/hub/session/8d0f833c-1116-493c-ace7-bd08aaaed3ea/window/rect[39m
[35m[HTTP][39m [90m{}[39m
[35m[HTTP][39m [37m<-- GET /wd/hub/session/8d0f833c-1116-493c-ace7-bd08aaaed3ea/window/rect [39m[32m200[39m [90m10 ms - 50[39m
[35m[HTTP][39m [90m[39m
[35m[HTTP][39m [37m-->[39m [37mPOST[39m [37m/wd/hub/session/8d0f833c-1116-493c-ace7-bd08aaaed3ea/elements[39m
[35m[HTTP][39m [90m{"using":"xpath","value":"//*[@class = 'android.widget.ImageView' and @resource-id = '' and (@text = '' or . = '')]"}[39m
[35m[HTTP][39m [37m<-- POST /wd/hub/session/8d0f833c-1116-493c-ace7-bd08aaaed3ea/elements [39m[32m200[39m [90m36 ms - 139[39m
[35m[HTTP][39m [90m[39m
[35m[HTTP][39m [37m-->[39m [37mGET[39m [37m/wd/hub/session/8d0f833c-1116-493c-ace7-bd08aaaed3ea/element/00000000-0000-002c-0000-014000000003/location[39m
[35m[HTTP][39m [90m{}[39m
[35m[W3C (8d0f833c)][39m Driver proxy active, passing request on via HTTP proxy
[35m[WD Proxy][39m Replacing sessionId f342900b-6100-41e3-aaa5-aaff24aab5cb with 8d0f833c-1116-493c-ace7-bd08aaaed3ea
[35m[HTTP][39m [37m<-- GET /wd/hub/session/8d0f833c-1116-493c-ace7-bd08aaaed3ea/element/00000000-0000-002c-0000-014000000003/location [39m[32m200[39m [90m13 ms - 78[39m
[35m[HTTP][39m [90m[39m
[35m[HTTP][39m [37m-->[39m [37mPOST[39m [37m/wd/hub/session/8d0f833c-1116-493c-ace7-bd08aaaed3ea/element/00000000-0000-002c-0000-014000000003/click[39m
[35m[HTTP][39m [90m{"id":"00000000-0000-002c-0000-014000000003"}[39m
[35m[HTTP][39m [37m<-- POST /wd/hub/session/8d0f833c-1116-493c-ace7-bd08aaaed3ea/element/00000000-0000-002c-0000-014000000003/click [39m[32m200[39m [90m48 ms - 14[39m
[35m[HTTP][39m [90m[39m
[35m[HTTP][39m [37m-->[39m [37mGET[39m [37m/wd/hub/session/8d0f833c-1116-493c-ace7-bd08aaaed3ea/source[39m
[35m[HTTP][39m [90m{}[39m
[35m[W3C (8d0f833c)][39m Driver proxy active, passing request on via HTTP proxy
[35m[WD Proxy][39m Replacing sessionId f342900b-6100-41e3-aaa5-aaff24aab5cb with 8d0f833c-1116-493c-ace7-bd08aaaed3ea
[35m[HTTP][39m [37m<-- GET /wd/hub/session/8d0f833c-1116-493c-ace7-bd08aaaed3ea/source [39m[32m200[39m [90m19 ms - 4427[39m
[35m[HTTP][39m [90m[39m
[35m[HTTP][39m [37m-->[39m [37mGET[39m [37m/wd/hub/session/8d0f833c-1116-493c-ace7-bd08aaaed3ea/screenshot[39m
[35m[HTTP][39m [90m{}[39m
[35m[HTTP][39m [37m<-- GET /wd/hub/session/8d0f833c-1116-493c-ace7-bd08aaaed3ea/screenshot [39m[32m200[39m [90m337 ms - 207020[39m
[35m[HTTP][39m [90m[39m
[35m[HTTP][39m [37m-->[39m [37mDELETE[39m [37m/wd/hub/session/8d0f833c-1116-493c-ace7-bd08aaaed3ea[39m
[35m[HTTP][39m [90m{}[39m
[35m[Appium][39m Removing session 8d0f833c-1116-493c-ace7-bd08aaaed3ea from our master session list
[35m[UiAutomator2][39m Restoring hidden api policy to the device default configuration
[35m[HTTP][39m [37m<-- DELETE /wd/hub/session/8d0f833c-1116-493c-ace7-bd08aaaed3ea [39m[32m200[39m [90m485 ms - 14[39m
[35m[HTTP][39m [90m[39m
